  Source.cpp
E:\Repos\gems-proj\gems_sfml\Source.cpp(19,70): warning C4244: аргумент: преобразование "int" в "T", возможна потеря данных
          with
          [
              T=float
          ]
E:\Repos\gems-proj\gems_sfml\Source.cpp(19,49): warning C4244: аргумент: преобразование "int" в "T", возможна потеря данных
          with
          [
              T=float
          ]
E:\Repos\gems-proj\gems_sfml\Source.cpp(20,26): warning C4267: инициализация: преобразование из "size_t" в "int"; возможна потеря данных
E:\Repos\gems-proj\gems_sfml\Source.cpp(27,37): warning C4267: инициализация: преобразование из "size_t" в "int"; возможна потеря данных
E:\Repos\gems-proj\gems_sfml\Source.cpp(35,88): warning C4244: аргумент: преобразование "int" в "T", возможна потеря данных
          with
          [
              T=float
          ]
E:\Repos\gems-proj\gems_sfml\Source.cpp(35,67): warning C4244: аргумент: преобразование "int" в "T", возможна потеря данных
          with
          [
              T=float
          ]
E:\Repos\gems-proj\gems_sfml\Source.cpp(41,72): warning C4305: аргумент: усечение из "double" в "float"
  game_board.cpp
  Создание кода
  18 of 289 functions ( 6.2%) were compiled, the rest were copied from previous compilation.
    0 functions were new in current compilation
    3 functions had inline decision re-evaluated but remain unchanged
  Создание кода завершено
  gems_sfml.vcxproj -> E:\Repos\gems-proj\gems_sfml\x64\Release\gems_sfml.exe
